--- Copying files at Wed Apr  1 14:49:39 UTC 2020
--- Copying files at Thu Apr  2 10:16:43 UTC 2020
--- Copying files at Fri Apr  3 10:38:11 UTC 2020
--- Copying files at Sat Apr  4 08:36:11 UTC 2020
--- Copying files at Sat Apr  4 12:06:12 UTC 2020
--- Copying files at Sun Apr  5 02:29:09 UTC 2020
--- Copying files at Sun Apr  5 02:33:40 UTC 2020
--- Copying files at Mon Apr  6 06:55:59 UTC 2020
--- Copying files at Mon Apr  6 10:15:26 UTC 2020
--- Copying files at Mon Apr  6 13:04:47 UTC 2020
--- Copying files at Sat Apr 11 12:43:17 UTC 2020
--- Copying files at Sat Apr 11 13:32:44 UTC 2020
--- Copying files at Sat Apr 11 14:52:21 UTC 2020
--- Copying files at Sun Apr 12 04:18:36 UTC 2020
--- Copying files at Sun Apr 12 04:29:17 UTC 2020
--- Copying files at Sun Apr 12 07:20:40 UTC 2020
--- Copying files at Sun Apr 12 07:43:07 UTC 2020
--- Copying files at Sun Apr 12 07:48:47 UTC 2020
--- Copying files at Sun Apr 12 08:39:14 UTC 2020
--- Copying files at Sun Apr 12 08:44:35 UTC 2020
--- Copying files at Sun Apr 12 08:47:07 UTC 2020
--- Copying files at Sun Apr 12 08:49:42 UTC 2020
--- Copying files at Mon Apr 13 09:52:40 UTC 2020
--- Copying files at Mon Apr 13 12:23:59 UTC 2020
--- Copying files at Mon Apr 13 12:41:57 UTC 2020
--- Copying files at Mon Apr 13 13:10:56 UTC 2020
--- Copying files at Mon Apr 13 13:13:59 UTC 2020
--- Copying files at Mon Apr 13 13:18:14 UTC 2020
--- Copying files at Mon Apr 13 13:24:48 UTC 2020
--- Copying files at Mon Apr 13 13:27:51 UTC 2020
--- Copying files at Mon Apr 13 13:30:24 UTC 2020
--- Copying files at Mon Apr 13 13:49:01 UTC 2020
--- Copying files at Sat Apr 25 10:26:15 UTC 2020
--- Copying files at Sat Apr 25 10:39:48 UTC 2020
--- Copying files at Sat Apr 25 10:42:03 UTC 2020
--- Copying files at Sat Apr 25 10:43:05 UTC 2020
--- Copying files at Sat Apr 25 10:49:39 UTC 2020
--- Copying files at Tue Apr 28 08:17:58 UTC 2020
--- Copying files at Tue Apr 28 10:28:17 UTC 2020
--- Copying files at Fri May  1 13:33:15 UTC 2020
--- Copying files at Fri May  1 13:56:32 UTC 2020
--- Copying files at Fri May  1 13:58:04 UTC 2020
--- Copying files at Fri May  1 14:06:20 UTC 2020
--- Copying files at Fri May  1 14:24:06 UTC 2020
--- Copying files at Fri May 22 19:23:18 UTC 2020
--- Copying files at Sat May 23 10:09:05 UTC 2020
--- Copying files at Wed Jun 10 06:47:34 UTC 2020
--- Copying files at Wed Jun 10 07:59:26 UTC 2020
--- Copying files at Wed Jun 10 14:50:17 UTC 2020
