Started at Mon Jun 08 11:06:10 UTC 2020
Checking Ansible-test
Checking DSL
Checking dsl-job
Checking jenkinfile
Checking multi-pipline
Checking Mysql-backup
Checking pipeline-docker
Checking Test
Checking Test-job
Checking multi-pipline » master
Finished at Mon Jun 08 11:06:10 UTC 2020. 105ms
Started at Tue Jun 09 11:06:10 UTC 2020
Checking Ansible-test
Checking DSL
Checking dsl-job
Checking jenkinfile
Checking multi-pipline
Checking Mysql-backup
Checking pipeline-docker
Checking Test
Checking Test-job
Checking multi-pipline » master
Finished at Tue Jun 09 11:06:10 UTC 2020. 123ms
